<?xml version="1.0" encoding="utf-8"?>
<TestRun id="697f64e3-6573-48d2-ab22-3305cf1a07fb" name="CodeAutomation@DESKTOP-TLVEPS6 2022-10-06 09:19:04" runUser="DESKTOP-TLVEPS6\CodeAutomation" xmlns="http://microsoft.com/schemas/VisualStudio/TeamTest/2010">
  <Times creation="2022-10-06T09:19:04.9660940+05:00" queuing="2022-10-06T09:19:04.9660940+05:00" start="2022-10-06T09:18:44.0462189+05:00" finish="2022-10-06T09:20:34.3557012+05:00" />
  <TestSettings name="default" id="c875f9b5-c26f-4836-832d-5778ecde89ac">
    <Deployment runDeploymentRoot="CodeAutomation_DESKTOP-TLVEPS6_2022-10-06_09_19_04" />
  </TestSettings>
  <Results>
    <UnitTestResult executionId="bfbe7ccb-c6c4-416c-bc93-ba80c02f94d1" testId="dec620ab-77ed-47ec-9ff4-dae1ea526227" testName="TestCase2_Login (Data Row 0)" computerName="DESKTOP-TLVEPS6" duration="00:00:35.9684769" startTime="2022-10-06T09:19:04.9571042+05:00" endTime="2022-10-06T09:19:40.9277551+05:00" testType="13cdc9d9-ddb5-4fa4-a97d-d965ccfc6d4b" outcome="Passed" testListId="8c84fa94-04c1-424b-9868-57a2d4851a1d" relativeResultsDirectory="bfbe7ccb-c6c4-416c-bc93-ba80c02f94d1" />
    <UnitTestResult executionId="60b16310-f0d2-4c0d-bbcb-6b4dc1318819" testId="c427eb72-ced5-4234-830f-1b1353894f6e" testName="TestCase8_Scrolldownup" computerName="DESKTOP-TLVEPS6" duration="00:00:15.8571417" startTime="2022-10-06T09:20:18.3326815+05:00" endTime="2022-10-06T09:20:34.1904152+05:00" testType="13cdc9d9-ddb5-4fa4-a97d-d965ccfc6d4b" outcome="Passed" testListId="8c84fa94-04c1-424b-9868-57a2d4851a1d" relativeResultsDirectory="60b16310-f0d2-4c0d-bbcb-6b4dc1318819" />
    <UnitTestResult executionId="36bc351b-1d46-4046-ae84-be7fa6cfa832" testId="35963dcf-1184-4b0a-b5db-d95436f9fd74" testName="TestCase1_Register (Data Row 0)" computerName="DESKTOP-TLVEPS6" duration="00:00:20.1973932" startTime="2022-10-06T09:18:44.5451859+05:00" endTime="2022-10-06T09:19:04.9424868+05:00" testType="13cdc9d9-ddb5-4fa4-a97d-d965ccfc6d4b" outcome="Failed" testListId="8c84fa94-04c1-424b-9868-57a2d4851a1d" relativeResultsDirectory="36bc351b-1d46-4046-ae84-be7fa6cfa832">
      <Output>
        <ErrorInfo>
          <Message>Test method SeleniumQuiz.TestCasesClass.TestCase1_Register threw exception: &#xD;
OpenQA.Selenium.NoSuchElementException: no such element: Unable to locate element: {"method":"css selector","selector":"#id_gender2"}
  (Session info: chrome=106.0.5249.91)</Message>
          <StackTrace>    at OpenQA.Selenium.WebDriver.UnpackAndThrowOnError(Response errorResponse, String commandToExecute)&#xD;
   at OpenQA.Selenium.WebDriver.Execute(String driverCommandToExecute, Dictionary`2 parameters)&#xD;
   at OpenQA.Selenium.WebDriver.FindElement(String mechanism, String value)&#xD;
   at OpenQA.Selenium.By.&lt;.ctor&gt;b__11_0(ISearchContext context)&#xD;
   at OpenQA.Selenium.By.FindElement(ISearchContext context)&#xD;
   at OpenQA.Selenium.WebDriver.FindElement(By by)&#xD;
   at SeleniumQuiz.BaseCommonMethods.FindElementt(By value) in C:\Users\CA\source\repos\SeleniumQuiz\SeleniumQuiz\BaseCommonMethods.cs:line 56&#xD;
   at SeleniumQuiz.BaseCommonMethods.ClickAction(By loc) in C:\Users\CA\source\repos\SeleniumQuiz\SeleniumQuiz\BaseCommonMethods.cs:line 126&#xD;
   at SeleniumQuiz.RegisterFunctionality.Selecttitle() in C:\Users\CA\source\repos\SeleniumQuiz\SeleniumQuiz\RegisterFunctionality.cs:line 92&#xD;
   at SeleniumQuiz.RegisterFunctionality.Regitser(String nameee, String emailll, String passwordd, String fffname, String lllname, String companyyy, String address1111, String address2222, String stateeeee, String cityyyy, String zippp, String phonenumebr, String verifyysignup) in C:\Users\CA\source\repos\SeleniumQuiz\SeleniumQuiz\RegisterFunctionality.cs:line 183&#xD;
   at SeleniumQuiz.TestCasesClass.TestCase1_Register() in C:\Users\CA\source\repos\SeleniumQuiz\SeleniumQuiz\TestCasesClass.cs:line 45&#xD;
</StackTrace>
        </ErrorInfo>
      </Output>
    </UnitTestResult>
    <UnitTestResult executionId="10a58f48-1b8e-4b0d-b67c-953b4bacab45" testId="471c08bc-c642-49ea-8d62-e3a5e715d7f9" testName="TestCase7_Regitserwithexisting (Data Row 0)" computerName="DESKTOP-TLVEPS6" duration="00:00:17.3137074" startTime="2022-10-06T09:20:01.0174917+05:00" endTime="2022-10-06T09:20:18.3326815+05:00" testType="13cdc9d9-ddb5-4fa4-a97d-d965ccfc6d4b" outcome="Passed" testListId="8c84fa94-04c1-424b-9868-57a2d4851a1d" relativeResultsDirectory="10a58f48-1b8e-4b0d-b67c-953b4bacab45" />
    <UnitTestResult executionId="2545d94f-6eb7-48b7-a00d-ebb69ef7313b" testId="8252e08d-d95a-4768-9cb4-bc5e60b538a7" testName="TestCase3_logout (Data Row 0)" computerName="DESKTOP-TLVEPS6" duration="00:00:20.0880929" startTime="2022-10-06T09:19:40.9277551+05:00" endTime="2022-10-06T09:20:01.0174917+05:00" testType="13cdc9d9-ddb5-4fa4-a97d-d965ccfc6d4b" outcome="Passed" testListId="8c84fa94-04c1-424b-9868-57a2d4851a1d" relativeResultsDirectory="2545d94f-6eb7-48b7-a00d-ebb69ef7313b" />
  </Results>
  <TestDefinitions>
    <UnitTest name="TestCase7_Regitserwithexisting (Data Row 0)" storage="c:\users\ca\source\repos\seleniumquiz\seleniumquiz\bin\debug\seleniumquiz.dll" id="471c08bc-c642-49ea-8d62-e3a5e715d7f9">
      <TestCategory>
        <TestCategoryItem TestCategory="Register" />
      </TestCategory>
      <Execution id="10a58f48-1b8e-4b0d-b67c-953b4bacab45" />
      <TestMethod codeBase="C:\Users\CA\source\repos\SeleniumQuiz\SeleniumQuiz\bin\Debug\SeleniumQuiz.dll" adapterTypeName="executor://mstestadapter/v2" className="SeleniumQuiz.TestCasesClass" name="TestCase7_Regitserwithexisting" />
    </UnitTest>
    <UnitTest name="TestCase8_Scrolldownup" storage="c:\users\ca\source\repos\seleniumquiz\seleniumquiz\bin\debug\seleniumquiz.dll" id="c427eb72-ced5-4234-830f-1b1353894f6e">
      <TestCategory>
        <TestCategoryItem TestCategory="Scroll" />
      </TestCategory>
      <Execution id="60b16310-f0d2-4c0d-bbcb-6b4dc1318819" />
      <TestMethod codeBase="C:\Users\CA\source\repos\SeleniumQuiz\SeleniumQuiz\bin\Debug\SeleniumQuiz.dll" adapterTypeName="executor://mstestadapter/v2" className="SeleniumQuiz.TestCasesClass" name="TestCase8_Scrolldownup" />
    </UnitTest>
    <UnitTest name="TestCase2_Login (Data Row 0)" storage="c:\users\ca\source\repos\seleniumquiz\seleniumquiz\bin\debug\seleniumquiz.dll" id="dec620ab-77ed-47ec-9ff4-dae1ea526227">
      <TestCategory>
        <TestCategoryItem TestCategory="Login" />
      </TestCategory>
      <Execution id="bfbe7ccb-c6c4-416c-bc93-ba80c02f94d1" />
      <TestMethod codeBase="C:\Users\CA\source\repos\SeleniumQuiz\SeleniumQuiz\bin\Debug\SeleniumQuiz.dll" adapterTypeName="executor://mstestadapter/v2" className="SeleniumQuiz.TestCasesClass" name="TestCase2_Login" />
    </UnitTest>
    <UnitTest name="TestCase1_Register (Data Row 0)" storage="c:\users\ca\source\repos\seleniumquiz\seleniumquiz\bin\debug\seleniumquiz.dll" id="35963dcf-1184-4b0a-b5db-d95436f9fd74">
      <TestCategory>
        <TestCategoryItem TestCategory="Register" />
      </TestCategory>
      <Execution id="36bc351b-1d46-4046-ae84-be7fa6cfa832" />
      <TestMethod codeBase="C:\Users\CA\source\repos\SeleniumQuiz\SeleniumQuiz\bin\Debug\SeleniumQuiz.dll" adapterTypeName="executor://mstestadapter/v2" className="SeleniumQuiz.TestCasesClass" name="TestCase1_Register" />
    </UnitTest>
    <UnitTest name="TestCase3_logout (Data Row 0)" storage="c:\users\ca\source\repos\seleniumquiz\seleniumquiz\bin\debug\seleniumquiz.dll" id="8252e08d-d95a-4768-9cb4-bc5e60b538a7">
      <TestCategory>
        <TestCategoryItem TestCategory="Logout" />
      </TestCategory>
      <Execution id="2545d94f-6eb7-48b7-a00d-ebb69ef7313b" />
      <TestMethod codeBase="C:\Users\CA\source\repos\SeleniumQuiz\SeleniumQuiz\bin\Debug\SeleniumQuiz.dll" adapterTypeName="executor://mstestadapter/v2" className="SeleniumQuiz.TestCasesClass" name="TestCase3_logout" />
    </UnitTest>
  </TestDefinitions>
  <TestEntries>
    <TestEntry testId="dec620ab-77ed-47ec-9ff4-dae1ea526227" executionId="bfbe7ccb-c6c4-416c-bc93-ba80c02f94d1" testListId="8c84fa94-04c1-424b-9868-57a2d4851a1d" />
    <TestEntry testId="c427eb72-ced5-4234-830f-1b1353894f6e" executionId="60b16310-f0d2-4c0d-bbcb-6b4dc1318819" testListId="8c84fa94-04c1-424b-9868-57a2d4851a1d" />
    <TestEntry testId="35963dcf-1184-4b0a-b5db-d95436f9fd74" executionId="36bc351b-1d46-4046-ae84-be7fa6cfa832" testListId="8c84fa94-04c1-424b-9868-57a2d4851a1d" />
    <TestEntry testId="471c08bc-c642-49ea-8d62-e3a5e715d7f9" executionId="10a58f48-1b8e-4b0d-b67c-953b4bacab45" testListId="8c84fa94-04c1-424b-9868-57a2d4851a1d" />
    <TestEntry testId="8252e08d-d95a-4768-9cb4-bc5e60b538a7" executionId="2545d94f-6eb7-48b7-a00d-ebb69ef7313b" testListId="8c84fa94-04c1-424b-9868-57a2d4851a1d" />
  </TestEntries>
  <TestLists>
    <TestList name="Results Not in a List" id="8c84fa94-04c1-424b-9868-57a2d4851a1d" />
    <TestList name="All Loaded Results" id="19431567-8539-422a-85d7-44ee4e166bda" />
  </TestLists>
  <ResultSummary outcome="Failed">
    <Counters total="5" executed="5" passed="4" failed="1" error="0" timeout="0" aborted="0" inconclusive="0" passedButRunAborted="0" notRunnable="0" notExecuted="0" disconnected="0" warning="0" completed="0" inProgress="0" pending="0" />
  </ResultSummary>
</TestRun>