<?xml version="1.0" encoding="utf-8"?>
<TestRun id="ea9069fb-eeef-4941-bd73-9413c94785a7" name="CodeAutomation@DESKTOP-TLVEPS6 2022-10-06 02:44:01" runUser="DESKTOP-TLVEPS6\CodeAutomation" xmlns="http://microsoft.com/schemas/VisualStudio/TeamTest/2010">
  <Times creation="2022-10-06T02:44:01.8486363+05:00" queuing="2022-10-06T02:44:01.8486363+05:00" start="2022-10-06T02:43:41.5822110+05:00" finish="2022-10-06T02:44:01.8762314+05:00" />
  <TestSettings name="default" id="1cbcefff-63e9-440a-b621-0184c2db1fcf">
    <Deployment runDeploymentRoot="CodeAutomation_DESKTOP-TLVEPS6_2022-10-06_02_44_01" />
  </TestSettings>
  <Results>
    <UnitTestResult executionId="b8af924b-6f85-4389-81e3-68c61b05d6bf" testId="91cf11c5-20b8-4fdf-86ea-9d309bff4a76" testName="TestCase2_Login (Data Row 0)" computerName="DESKTOP-TLVEPS6" duration="00:00:19.3531285" startTime="2022-10-06T02:43:42.1729168+05:00" endTime="2022-10-06T02:44:01.6852212+05:00" testType="13cdc9d9-ddb5-4fa4-a97d-d965ccfc6d4b" outcome="Passed" testListId="8c84fa94-04c1-424b-9868-57a2d4851a1d" relativeResultsDirectory="b8af924b-6f85-4389-81e3-68c61b05d6bf" />
  </Results>
  <TestDefinitions>
    <UnitTest name="TestCase2_Login (Data Row 0)" storage="c:\users\ca\source\repos\seleniumquiz\seleniumquiz\bin\debug\seleniumquiz.dll" id="91cf11c5-20b8-4fdf-86ea-9d309bff4a76">
      <TestCategory>
        <TestCategoryItem TestCategory="Login" />
      </TestCategory>
      <Execution id="b8af924b-6f85-4389-81e3-68c61b05d6bf" />
      <TestMethod codeBase="C:\Users\CA\source\repos\SeleniumQuiz\SeleniumQuiz\bin\Debug\SeleniumQuiz.dll" adapterTypeName="executor://mstestadapter/v2" className="SeleniumQuiz.TestCasesClass" name="TestCase2_Login" />
    </UnitTest>
  </TestDefinitions>
  <TestEntries>
    <TestEntry testId="91cf11c5-20b8-4fdf-86ea-9d309bff4a76" executionId="b8af924b-6f85-4389-81e3-68c61b05d6bf" testListId="8c84fa94-04c1-424b-9868-57a2d4851a1d" />
  </TestEntries>
  <TestLists>
    <TestList name="Results Not in a List" id="8c84fa94-04c1-424b-9868-57a2d4851a1d" />
    <TestList name="All Loaded Results" id="19431567-8539-422a-85d7-44ee4e166bda" />
  </TestLists>
  <ResultSummary outcome="Completed">
    <Counters total="1" executed="1" passed="1" failed="0" error="0" timeout="0" aborted="0" inconclusive="0" passedButRunAborted="0" notRunnable="0" notExecuted="0" disconnected="0" warning="0" completed="0" inProgress="0" pending="0" />
  </ResultSummary>
</TestRun>