<?xml version="1.0" encoding="utf-8"?>
<TestRun id="a1a718f9-5dd8-4147-8c87-7865cd4fee21" name="CodeAutomation@DESKTOP-TLVEPS6 2022-10-06 11:05:20" runUser="DESKTOP-TLVEPS6\CodeAutomation" xmlns="http://microsoft.com/schemas/VisualStudio/TeamTest/2010">
  <Times creation="2022-10-06T11:05:20.4905881+05:00" queuing="2022-10-06T11:05:20.4905881+05:00" start="2022-10-06T11:04:33.7215180+05:00" finish="2022-10-06T11:06:55.9630648+05:00" />
  <TestSettings name="default" id="e5d08fee-ab51-431f-9202-4c2cb553e1b3">
    <Deployment runDeploymentRoot="CodeAutomation_DESKTOP-TLVEPS6_2022-10-06_11_05_20" />
  </TestSettings>
  <Results>
    <UnitTestResult executionId="ba23d354-1a33-4fa0-b557-51bac2454dfa" testId="a0a82e9c-528e-466f-bebd-6a2fe4bc124c" testName="TestCase2_Login (Data Row 0)" computerName="DESKTOP-TLVEPS6" duration="00:00:22.7990728" startTime="2022-10-06T11:05:20.4834068+05:00" endTime="2022-10-06T11:05:43.2835388+05:00" testType="13cdc9d9-ddb5-4fa4-a97d-d965ccfc6d4b" outcome="Passed" testListId="8c84fa94-04c1-424b-9868-57a2d4851a1d" relativeResultsDirectory="ba23d354-1a33-4fa0-b557-51bac2454dfa" />
    <UnitTestResult executionId="17691f07-fc08-4867-b924-d7595f929c4c" testId="4daa9de2-9a70-4fa7-a3d0-122ac1c0f4f6" testName="TestCase6_ProductQuantity (Data Row 0)" computerName="DESKTOP-TLVEPS6" duration="00:00:11.4376924" startTime="2022-10-06T11:06:07.1521764+05:00" endTime="2022-10-06T11:06:18.5916259+05:00" testType="13cdc9d9-ddb5-4fa4-a97d-d965ccfc6d4b" outcome="Passed" testListId="8c84fa94-04c1-424b-9868-57a2d4851a1d" relativeResultsDirectory="17691f07-fc08-4867-b924-d7595f929c4c" />
    <UnitTestResult executionId="07299e54-7dfe-4066-9eda-17af8c738b09" testId="9d8952f9-979c-4aae-a8d7-dd579ac41ba2" testName="TestCase7_Regitserwithexisting (Data Row 0)" computerName="DESKTOP-TLVEPS6" duration="00:00:20.5806086" startTime="2022-10-06T11:06:18.5916259+05:00" endTime="2022-10-06T11:06:39.1737939+05:00" testType="13cdc9d9-ddb5-4fa4-a97d-d965ccfc6d4b" outcome="Passed" testListId="8c84fa94-04c1-424b-9868-57a2d4851a1d" relativeResultsDirectory="07299e54-7dfe-4066-9eda-17af8c738b09" />
    <UnitTestResult executionId="390d0715-0824-4e0c-826e-c6206feb16b0" testId="ffdbac58-ff1a-4745-8bd0-bcecd5a8e488" testName="TestCase3_logout (Data Row 0)" computerName="DESKTOP-TLVEPS6" duration="00:00:23.8676727" startTime="2022-10-06T11:05:43.2835388+05:00" endTime="2022-10-06T11:06:07.1521764+05:00" testType="13cdc9d9-ddb5-4fa4-a97d-d965ccfc6d4b" outcome="Passed" testListId="8c84fa94-04c1-424b-9868-57a2d4851a1d" relativeResultsDirectory="390d0715-0824-4e0c-826e-c6206feb16b0" />
    <UnitTestResult executionId="5b12d128-132d-4706-9796-aaeca3e971a7" testId="6e71c6af-55b0-42ed-9160-ceeba388af14" testName="TestCase1_Register (Data Row 0)" computerName="DESKTOP-TLVEPS6" duration="00:00:45.5268494" startTime="2022-10-06T11:04:34.3333765+05:00" endTime="2022-10-06T11:05:20.4531624+05:00" testType="13cdc9d9-ddb5-4fa4-a97d-d965ccfc6d4b" outcome="Passed" testListId="8c84fa94-04c1-424b-9868-57a2d4851a1d" relativeResultsDirectory="5b12d128-132d-4706-9796-aaeca3e971a7" />
    <UnitTestResult executionId="e8b00912-71aa-4f05-820e-59f907fb31b7" testId="24edd5c1-7031-430a-a352-50522f84a425" testName="TestCase8_Scrolldownup" computerName="DESKTOP-TLVEPS6" duration="00:00:16.5445743" startTime="2022-10-06T11:06:39.1737939+05:00" endTime="2022-10-06T11:06:55.7190644+05:00" testType="13cdc9d9-ddb5-4fa4-a97d-d965ccfc6d4b" outcome="Passed" testListId="8c84fa94-04c1-424b-9868-57a2d4851a1d" relativeResultsDirectory="e8b00912-71aa-4f05-820e-59f907fb31b7" />
  </Results>
  <TestDefinitions>
    <UnitTest name="TestCase7_Regitserwithexisting (Data Row 0)" storage="c:\users\ca\source\repos\seleniumquiz\seleniumquiz\bin\debug\seleniumquiz.dll" id="9d8952f9-979c-4aae-a8d7-dd579ac41ba2">
      <TestCategory>
        <TestCategoryItem TestCategory="Register" />
      </TestCategory>
      <Execution id="07299e54-7dfe-4066-9eda-17af8c738b09" />
      <TestMethod codeBase="C:\Users\CA\source\repos\SeleniumQuiz\SeleniumQuiz\bin\Debug\SeleniumQuiz.dll" adapterTypeName="executor://mstestadapter/v2" className="SeleniumQuiz.TestCasesClass" name="TestCase7_Regitserwithexisting" />
    </UnitTest>
    <UnitTest name="TestCase8_Scrolldownup" storage="c:\users\ca\source\repos\seleniumquiz\seleniumquiz\bin\debug\seleniumquiz.dll" id="24edd5c1-7031-430a-a352-50522f84a425">
      <TestCategory>
        <TestCategoryItem TestCategory="Scroll" />
      </TestCategory>
      <Execution id="e8b00912-71aa-4f05-820e-59f907fb31b7" />
      <TestMethod codeBase="C:\Users\CA\source\repos\SeleniumQuiz\SeleniumQuiz\bin\Debug\SeleniumQuiz.dll" adapterTypeName="executor://mstestadapter/v2" className="SeleniumQuiz.TestCasesClass" name="TestCase8_Scrolldownup" />
    </UnitTest>
    <UnitTest name="TestCase6_ProductQuantity (Data Row 0)" storage="c:\users\ca\source\repos\seleniumquiz\seleniumquiz\bin\debug\seleniumquiz.dll" id="4daa9de2-9a70-4fa7-a3d0-122ac1c0f4f6">
      <TestCategory>
        <TestCategoryItem TestCategory="ProductDetails" />
      </TestCategory>
      <Execution id="17691f07-fc08-4867-b924-d7595f929c4c" />
      <TestMethod codeBase="C:\Users\CA\source\repos\SeleniumQuiz\SeleniumQuiz\bin\Debug\SeleniumQuiz.dll" adapterTypeName="executor://mstestadapter/v2" className="SeleniumQuiz.TestCasesClass" name="TestCase6_ProductQuantity" />
    </UnitTest>
    <UnitTest name="TestCase1_Register (Data Row 0)" storage="c:\users\ca\source\repos\seleniumquiz\seleniumquiz\bin\debug\seleniumquiz.dll" id="6e71c6af-55b0-42ed-9160-ceeba388af14">
      <TestCategory>
        <TestCategoryItem TestCategory="Register" />
      </TestCategory>
      <Execution id="5b12d128-132d-4706-9796-aaeca3e971a7" />
      <TestMethod codeBase="C:\Users\CA\source\repos\SeleniumQuiz\SeleniumQuiz\bin\Debug\SeleniumQuiz.dll" adapterTypeName="executor://mstestadapter/v2" className="SeleniumQuiz.TestCasesClass" name="TestCase1_Register" />
    </UnitTest>
    <UnitTest name="TestCase2_Login (Data Row 0)" storage="c:\users\ca\source\repos\seleniumquiz\seleniumquiz\bin\debug\seleniumquiz.dll" id="a0a82e9c-528e-466f-bebd-6a2fe4bc124c">
      <TestCategory>
        <TestCategoryItem TestCategory="Login" />
      </TestCategory>
      <Execution id="ba23d354-1a33-4fa0-b557-51bac2454dfa" />
      <TestMethod codeBase="C:\Users\CA\source\repos\SeleniumQuiz\SeleniumQuiz\bin\Debug\SeleniumQuiz.dll" adapterTypeName="executor://mstestadapter/v2" className="SeleniumQuiz.TestCasesClass" name="TestCase2_Login" />
    </UnitTest>
    <UnitTest name="TestCase3_logout (Data Row 0)" storage="c:\users\ca\source\repos\seleniumquiz\seleniumquiz\bin\debug\seleniumquiz.dll" id="ffdbac58-ff1a-4745-8bd0-bcecd5a8e488">
      <TestCategory>
        <TestCategoryItem TestCategory="Logout" />
      </TestCategory>
      <Execution id="390d0715-0824-4e0c-826e-c6206feb16b0" />
      <TestMethod codeBase="C:\Users\CA\source\repos\SeleniumQuiz\SeleniumQuiz\bin\Debug\SeleniumQuiz.dll" adapterTypeName="executor://mstestadapter/v2" className="SeleniumQuiz.TestCasesClass" name="TestCase3_logout" />
    </UnitTest>
  </TestDefinitions>
  <TestEntries>
    <TestEntry testId="a0a82e9c-528e-466f-bebd-6a2fe4bc124c" executionId="ba23d354-1a33-4fa0-b557-51bac2454dfa" testListId="8c84fa94-04c1-424b-9868-57a2d4851a1d" />
    <TestEntry testId="4daa9de2-9a70-4fa7-a3d0-122ac1c0f4f6" executionId="17691f07-fc08-4867-b924-d7595f929c4c" testListId="8c84fa94-04c1-424b-9868-57a2d4851a1d" />
    <TestEntry testId="9d8952f9-979c-4aae-a8d7-dd579ac41ba2" executionId="07299e54-7dfe-4066-9eda-17af8c738b09" testListId="8c84fa94-04c1-424b-9868-57a2d4851a1d" />
    <TestEntry testId="ffdbac58-ff1a-4745-8bd0-bcecd5a8e488" executionId="390d0715-0824-4e0c-826e-c6206feb16b0" testListId="8c84fa94-04c1-424b-9868-57a2d4851a1d" />
    <TestEntry testId="6e71c6af-55b0-42ed-9160-ceeba388af14" executionId="5b12d128-132d-4706-9796-aaeca3e971a7" testListId="8c84fa94-04c1-424b-9868-57a2d4851a1d" />
    <TestEntry testId="24edd5c1-7031-430a-a352-50522f84a425" executionId="e8b00912-71aa-4f05-820e-59f907fb31b7" testListId="8c84fa94-04c1-424b-9868-57a2d4851a1d" />
  </TestEntries>
  <TestLists>
    <TestList name="Results Not in a List" id="8c84fa94-04c1-424b-9868-57a2d4851a1d" />
    <TestList name="All Loaded Results" id="19431567-8539-422a-85d7-44ee4e166bda" />
  </TestLists>
  <ResultSummary outcome="Completed">
    <Counters total="6" executed="6" passed="6" failed="0" error="0" timeout="0" aborted="0" inconclusive="0" passedButRunAborted="0" notRunnable="0" notExecuted="0" disconnected="0" warning="0" completed="0" inProgress="0" pending="0" />
  </ResultSummary>
</TestRun>